app/proguard/mapping.txt
# compiler: R8
# compiler_version: 1.6.82
# min_api: 19
# pg_map_id: 3b3ad47
# common_typos_disable
com.yicu.yichujifa.GlobalContext -> d.e.a.a:
    android.app.Application application -> a
    android.content.Context getContext() -> a
    void init(android.app.Application) -> a
com.yicu.yichujifa.LayoutHierarchy.-$$Lambda$BoundsLayoutHierarchy$VM6MZgRN8OUIL6DK5bbLSwuwiL8 -> d.e.a.b.a:
    com.yicu.yichujifa.LayoutHierarchy.BoundsLayoutHierarchy f$0 -> a
    void onNodeSelect(com.yicu.yichujifa.LayoutHierarchy.widget.NodeInfo) -> a
com.yicu.yichujifa.LayoutHierarchy.-$$Lambda$LayoutHierarchy$1Bt11pm7Kp0-WsWMWP6UY6pNqPE -> d.e.a.b.b:
    java.lang.String f$0 -> a
com.yicu.yichujifa.LayoutHierarchy.-$$Lambda$LayoutHierarchy$1esuEMp2tIgVJ15ITczdKUWHq1Y -> d.e.a.b.c:
    com.yicu.yichujifa.LayoutHierarchy.-$$Lambda$LayoutHierarchy$1esuEMp2tIgVJ15ITczdKUWHq1Y INSTANCE -> a
com.yicu.yichujifa.LayoutHierarchy.-$$Lambda$LayoutHierarchy$PWd995kVgXhZeGnnMMy_rDaY3u8 -> d.e.a.b.d:
    com.yicu.yichujifa.LayoutHierarchy.LayoutHierarchy f$0 -> a
    int f$1 -> b
com.yicu.yichujifa.LayoutHierarchy.-$$Lambda$LayoutHierarchy$SZ6w3z4DU6GA4V7IiUTojgMpfxE -> d.e.a.b.e:
    com.yicu.yichujifa.LayoutHierarchy.LayoutHierarchy f$0 -> a
    void select(int) -> a
com.yicu.yichujifa.LayoutHierarchy.-$$Lambda$ListLayoutHierarchy$ChildNodeHolder$VNR_4eW84xQfzhzVMOBuTUwA2Co -> d.e.a.b.f:
    com.yicu.yichujifa.LayoutHierarchy.ListLayoutHierarchy$ChildNodeHolder f$0 -> a
    com.yicu.yichujifa.LayoutHierarchy.Node f$1 -> b
com.yicu.yichujifa.LayoutHierarchy.-$$Lambda$ListLayoutHierarchy$ChildNodeHolder$lm3G2DxrHLW5u99fnR4JHJnW2eo -> d.e.a.b.g:
    android.view.accessibility.AccessibilityNodeInfo f$0 -> a
com.yicu.yichujifa.LayoutHierarchy.-$$Lambda$ListLayoutHierarchy$ParentNodeHolder$vyQbUsfJF6LPuxQgmHKIzFa1U6Y -> d.e.a.b.h:
    android.view.accessibility.AccessibilityNodeInfo f$2 -> c
    com.yicu.yichujifa.LayoutHierarchy.Node f$1 -> b
    com.yicu.yichujifa.LayoutHierarchy.ListLayoutHierarchy$ParentNodeHolder f$0 -> a
com.yicu.yichujifa.LayoutHierarchy.-$$Lambda$ListLayoutHierarchy$ParentNodeHolder$ybuHAgONPjAFkohYAsC3nsiEDkk -> d.e.a.b.i:
    com.yicu.yichujifa.LayoutHierarchy.Node f$1 -> b
    com.yicu.yichujifa.LayoutHierarchy.ListLayoutHierarchy$ParentNodeHolder f$0 -> a
com.yicu.yichujifa.LayoutHierarchy.BoundsLayoutHierarchy -> d.e.a.b.j:
    com.yicu.yichujifa.LayoutHierarchy.widget.LayoutBoundsView rootView -> h
    esqeee.xieqing.com.eeeeee.widget.FDialog nodeInfo -> i
    com.yicu.yichujifa.LayoutHierarchy.widget.NodeInfoView nodeInfoView -> j
    android.view.accessibility.AccessibilityNodeInfo rootNode -> k
    void add() -> a
    void lambda$new$0(com.yicu.yichujifa.LayoutHierarchy.widget.NodeInfo) -> a
    void showInfo(com.yicu.yichujifa.LayoutHierarchy.widget.NodeInfo,int) -> a
    void close() -> b
com.yicu.yichujifa.LayoutHierarchy.BoundsLayoutHierarchy$1 -> d.e.a.b.j$a:
    com.yicu.yichujifa.LayoutHierarchy.BoundsLayoutHierarchy this$0 -> k
com.yicu.yichujifa.LayoutHierarchy.LayoutHierarchy -> d.e.a.b.k:
    esqeee.xieqing.com.eeeeee.widget.FDialog chooseDialog -> a
    com.yicu.yichujifa.LayoutHierarchy.BoundsLayoutHierarchy boundsLayoutHierarchy -> c
    com.yicu.yichujifa.LayoutHierarchy.LayoutHierarchy instance -> d
    com.yicu.yichujifa.LayoutHierarchy.ListLayoutHierarchy listLayoutHierarchy -> b
    void lambda$initDialog$0(android.content.DialogInterface) -> a
    void lambda$initDialog$2(int) -> a
    void lambda$showActivity$3(java.lang.String,android.view.View) -> a
    void showDialog() -> a
    android.view.View getIconView() -> b
    void lambda$null$1(int) -> b
    com.yicu.yichujifa.LayoutHierarchy.LayoutHierarchy getInstance() -> c
    void onSelectAction(int) -> c
    android.view.WindowManager$LayoutParams getLayoutParam() -> d
    void initDialog() -> e
    void initFloaty() -> f
    void showActivity() -> g
    void showBoundsLayoutHierarchy() -> h
    void showListLayoutHierarchy() -> i
...
androidx.arch.core.internal.SafeIterableMap$IteratorWithAdditions -> c.a.a.b.b$d:
    androidx.arch.core.internal.SafeIterableMap$Entry mCurrent -> a
    androidx.arch.core.internal.SafeIterableMap this$0 -> c
    boolean mBeforeStart -> b
    void supportRemove(androidx.arch.core.internal.SafeIterableMap$Entry) -> a
androidx.arch.core.internal.SafeIterableMap$ListIterator -> c.a.a.b.b$e:
    androidx.arch.core.internal.SafeIterableMap$Entry mExpectedEnd -> a
    androidx.arch.core.internal.SafeIterableMap$Entry mNext -> b
    androidx.arch.core.internal.SafeIterableMap$Entry nextNode() -> a
    void supportRemove(androidx.arch.core.internal.SafeIterableMap$Entry) -> a
    androidx.arch.core.internal.SafeIterableMap$Entry backward(androidx.arch.core.internal.SafeIterableMap$Entry) -> b
    androidx.arch.core.internal.SafeIterableMap$Entry forward(androidx.arch.core.internal.SafeIterableMap$Entry) -> c
androidx.arch.core.internal.SafeIterableMap$SupportRemove -> c.a.a.b.b$f:
    void supportRemove(androidx.arch.core.internal.SafeIterableMap$Entry) -> a
androidx.arch.core.util.Function -> c.a.a.c.a:
    java.lang.Object apply(java.lang.Object) -> a
androidx.cardview.widget.CardView -> androidx.cardview.widget.CardView:
    int[] COLOR_BACKGROUND_ATTR -> h
    androidx.cardview.widget.CardViewDelegate mCardViewDelegate -> g
    androidx.cardview.widget.CardViewImpl IMPL -> i
    int mUserSetMinHeight -> d
    android.graphics.Rect mContentPadding -> e
    android.graphics.Rect mShadowBounds -> f
    boolean mCompatPadding -> a
    boolean mPreventCornerOverlap -> b
    int mUserSetMinWidth -> c
    void access$001(androidx.cardview.widget.CardView,int,int,int,int) -> a
    void access$101(androidx.cardview.widget.CardView,int) -> a
    void access$201(androidx.cardview.widget.CardView,int) -> b
androidx.cardview.widget.CardView$1 -> androidx.cardview.widget.CardView$a:
    androidx.cardview.widget.CardView this$0 -> b
    android.graphics.drawable.Drawable mCardBackground -> a
    android.view.View getCardView() -> a
    void setCardBackground(android.graphics.drawable.Drawable) -> a
    void setMinWidthHeightInternal(int,int) -> a
    void setShadowPadding(int,int,int,int) -> a
    boolean getPreventCornerOverlap() -> b
    boolean getUseCompatPadding() -> c
    android.graphics.drawable.Drawable getCardBackground() -> d
androidx.cardview.widget.CardViewApi17Impl -> androidx.cardview.widget.a:
    void initStatic() -> a
androidx.cardview.widget.CardViewApi17Impl$1 -> androidx.cardview.widget.a$a:
    void drawRoundRect(android.graphics.Canvas,android.graphics.RectF,float,android.graphics.Paint) -> a