app/proguard/unused.txt
esqeee.xieqing.com.eeeeee.bean.Variable:
    public java.lang.String getValue()
    public boolean isFinal()
    public void setFinal(boolean)
    public void setType(esqeee.xieqing.com.eeeeee.bean.VariableType)
    public void setName(java.lang.String)
esqeee.xieqing.com.eeeeee.dialog.input.InputPhoneLine:
    public void <init>(java.lang.String,int)
    public void <init>(int)
esqeee.xieqing.com.eeeeee.action.Action:
    public long getTime()
    public java.io.File getFile()
    public void delete()
esqeee.xieqing.com.eeeeee.dialog.WhileDialog$1
esqeee.xieqing.com.eeeeee.ConditionsActivity:
    private esqeee.xieqing.com.eeeeee.bean.JSONBean jsonObject
    private androidx.appcompat.widget.Toolbar toolbar
    private com.google.android.material.floatingactionbutton.FloatingActionButton floatingActionButton
    private androidx.recyclerview.widget.RecyclerView recyclerView
esqeee.xieqing.com.eeeeee.ui.UserActivity_ViewBinding:
    public void <init>(esqeee.xieqing.com.eeeeee.ui.UserActivity)
esqeee.xieqing.com.eeeeee.doAction.api.Key:
    public static esqeee.xieqing.com.eeeeee.doAction.Base getIntansce()
    public int getType()
    public java.lang.String getName()
    public static esqeee.xieqing.com.eeeeee.doAction.Base intansce
esqeee.xieqing.com.eeeeee.library.image.ScreenPlusCaptruer$1
esqeee.xieqing.com.eeeeee.doAction.api.Node:
    public static esqeee.xieqing.com.eeeeee.doAction.Base getIntansce()
    private boolean writeByte(java.lang.String,byte[])
    public void recyle(esqeee.xieqing.com.eeeeee.bean.JSONBean)
    public int getType()
    public java.lang.String getName()
    public static esqeee.xieqing.com.eeeeee.doAction.Base intansce
esqeee.xieqing.com.eeeeee.ui.DemandActivity:
    public static void luanchResource(android.content.Context,java.lang.String)
esqeee.xieqing.com.eeeeee.adapter.holder_item.DescHolder:
    public android.text.Spannable getUrlSpan(java.lang.CharSequence)
esqeee.xieqing.com.eeeeee.manager.SystemActionManager:
    public int addOrUpdateTask(java.lang.String,java.lang.String,java.lang.String)
esqeee.xieqing.com.eeeeee.dialog.ForDialog$1
esqeee.xieqing.com.eeeeee.utils.ActivationUtils:
    public void <init>()
    public static java.lang.String getActivation()
esqeee.xieqing.com.eeeeee.ui.Constants:
    public void <init>()
esqeee.xieqing.com.eeeeee.library.image.ScreenPlusCaptruer$2
esqeee.xieqing.com.eeeeee.ui.NotifactionActivity_ViewBinding:
    public void <init>(esqeee.xieqing.com.eeeeee.ui.NotifactionActivity)
esqeee.xieqing.com.eeeeee.ui.LogActivity_ViewBinding:
    public void <init>(esqeee.xieqing.com.eeeeee.ui.LogActivity)
esqeee.xieqing.com.eeeeee.adapter.holder_item.HTTPHolder$HeaderItem:
    private esqeee.xieqing.com.eeeeee.bean.JSONBean item
    private int position
esqeee.xieqing.com.eeeeee.doAction.api.For:
    public static esqeee.xieqing.com.eeeeee.doAction.Base getIntansce()
    public int getType()
    public java.lang.String getName()
    public static esqeee.xieqing.com.eeeeee.doAction.Base intansce
esqeee.xieqing.com.eeeeee.utils.ToastUtils:
    public void <init>()
    public static void shortShow(java.lang.String)
    public static void longShow(java.lang.String)
esqeee.xieqing.com.eeeeee.dialog.ForDialog$2
esqeee.xieqing.com.eeeeee.dialog.input.InputLine:
    public esqeee.xieqing.com.eeeeee.dialog.input.InputLineView getInputLineView()
esqeee.xieqing.com.eeeeee.ui.EditorActivity_ViewBinding:
    public void <init>(esqeee.xieqing.com.eeeeee.ui.EditorActivity)
esqeee.xieqing.com.eeeeee.utils.UiKit:
    public void <init>()
    public static int dpToPx(android.content.Context,int)
    public static void postDelayed(long,java.lang.Runnable)
    public static void sleep(long)
    public static void sleep()
    public static android.os.Handler getUiHandler()
esqeee.xieqing.com.eeeeee.ui.Apk_ViewBinding:
    public void <init>(esqeee.xieqing.com.eeeeee.ui.Apk)
...
androidx.media.MediaBrowserServiceCompat$ConnectionRecord:
    public final int pid
    public final int uid
    public final androidx.media.MediaSessionManager$RemoteUserInfo browserInfo
    public final android.os.Bundle rootHints
com.blankj.utilcode.util.ThreadUtils$UtilsThreadFactory$2:
    final synthetic com.blankj.utilcode.util.ThreadUtils$UtilsThreadFactory this$0
com.google.gson.internal.ConstructorConstructor$11:
    final synthetic com.google.gson.internal.ConstructorConstructor this$0
androidx.appcompat.widget.ThemeUtils:
    static final int[] ACTIVATED_STATE_SET
    static final int[] SELECTED_STATE_SET
    static final int[] NOT_PRESSED_OR_FOCUSED_STATE_SET
com.bumptech.glide.RequestManager:
    private final com.bumptech.glide.manager.RequestManagerTreeNode treeNode
com.google.gson.internal.ConstructorConstructor$10:
    final synthetic com.google.gson.internal.ConstructorConstructor this$0
kotlin.internal.RequireKotlinVersionKind:
    public static final enum kotlin.internal.RequireKotlinVersionKind COMPILER_VERSION
    public static final enum kotlin.internal.RequireKotlinVersionKind API_VERSION
it.sephiroth.android.library.imagezoom.ImageViewTouchBase:
    protected final int DEFAULT_ANIMATION_DURATION
okio.-Base64:
    private static final byte[] BASE64_URL_SAFE
com.google.gson.internal.ConstructorConstructor$7:
    final synthetic com.google.gson.internal.ConstructorConstructor this$0
androidx.appcompat.app.AlertController$4:
    final synthetic androidx.appcompat.app.AlertController this$0
com.bumptech.glide.disklrucache.Util:
    static final java.nio.charset.Charset UTF_8
androidx.core.view.WindowInsetsCompat$Impl20:
    private androidx.core.graphics.Insets[] mOverriddenInsets
androidx.fragment.app.FragmentStateManager$1:
    final synthetic androidx.fragment.app.FragmentStateManager this$0
com.google.gson.internal.ConstructorConstructor$12:
    final synthetic com.google.gson.internal.ConstructorConstructor this$0
org.greenrobot.eventbus.NoSubscriberEvent:
    public final org.greenrobot.eventbus.EventBus eventBus
androidx.fragment.app.FragmentManager$7:
    final synthetic androidx.fragment.app.FragmentManager this$0
androidx.transition.Fade$1:
    final synthetic androidx.transition.Fade this$0
com.alipay.sdk.widget.a:
    private long h
    private final int i
    private final long j
com.google.android.material.transformation.FabTransformationBehavior$2:
    final synthetic com.google.android.material.transformation.FabTransformationBehavior this$0
androidx.constraintlayout.solver.LinearSystem:
    private androidx.constraintlayout.solver.ArrayRow[] tempClientsCopy
com.google.gson.internal.ConstructorConstructor$6:
    final synthetic com.google.gson.internal.ConstructorConstructor this$0
com.kongzue.dialog.v2.DialogSettings:
    public static int tip_theme
    public static com.kongzue.dialog.util.TextInfo tipTextInfo
    public static com.kongzue.dialog.util.TextInfo menuTextInfo
androidx.loader.content.ModernAsyncTask:
    private static volatile java.util.concurrent.Executor sDefaultExecutor
com.google.gson.internal.ConstructorConstructor$13:
    final synthetic com.google.gson.internal.ConstructorConstructor this$0
com.google.zxing.oned.rss.expanded.ExpandedPair:
    private final boolean mayBeLast
com.google.gson.internal.Excluder$1:
    final synthetic boolean val$skipDeserialize
com.google.gson.internal.ConstructorConstructor$5:
    final synthetic com.google.gson.internal.ConstructorConstructor this$0
androidx.drawerlayout.widget.DrawerLayout$1:
    final synthetic androidx.drawerlayout.widget.DrawerLayout this$0
com.blankj.utilcode.util.ThreadUtils:
    private static final java.util.Map TASK_POOL_MAP
    private static final java.util.Timer TIMER
androidx.fragment.app.FragmentManager$8:
    final synthetic androidx.fragment.app.FragmentManager this$0